<?xml version="1.0" encoding="UTF-8"?>
<testsuite name="com.bridgelabz.userValidationTest" tests="1" skipped="0" failures="0" errors="0" timestamp="2020-06-18T19:01:49" hostname="Home" time="0.008">
  <properties/>
  <testcase name="givenLastName_whenDigitsEntered_ShouldReturnFalse" classname="com.bridgelabz.userValidationTest" time="0.008"/>
  <system-out><![CDATA[]]></system-out>
  <system-err><![CDATA[]]></system-err>
</testsuite>
