<?xml version="1.0" encoding="UTF-8"?>
<testsuite name="com.bridgelabz.userValidationTest" tests="1" skipped="0" failures="0" errors="0" timestamp="2020-06-18T18:15:02" hostname="Home" time="0.016">
  <properties/>
  <testcase name="givenFirstNameWhenProperShouldReturnTrue" classname="com.bridgelabz.userValidationTest" time="0.016"/>
  <system-out><![CDATA[]]></system-out>
  <system-err><![CDATA[]]></system-err>
</testsuite>
