<?xml version="1.0" encoding="UTF-8"?>
<testsuite name="com.bridgelabz.userValidationTest" tests="1" skipped="0" failures="0" errors="0" timestamp="2020-06-18T18:43:37" hostname="Home" time="0.18">
  <properties/>
  <testcase name="givenFirstNameWhenAllUpperCaseShouldReturnFalse" classname="com.bridgelabz.userValidationTest" time="0.18"/>
  <system-out><![CDATA[]]></system-out>
  <system-err><![CDATA[]]></system-err>
</testsuite>
